#######################################################################################
# fsdb.xxxxx.log : log primitive debug message of FSDB Reader
# This is for R&D to analyze when there are issues happening when FSDB reading
# The corresponding FSDB file is /home/peaceyh1/cocotb/cocotb_cmss_top/tests/cmss_top/dump.fsdb
#######################################################################################
[BASIC]Reader version : Chronologic Simulation VCS Release V-2023.12-SP2_Full64
[BASIC]simulator version : Chronologic Simulation VCS Release V-2023.12-SP2_Full64
[BASIC]dumper version : FSDB Dumper for VCS, Release Verdi_V-2023.12-SP2-1, Linux x86_64/64bit, 07/15/2024
Async open disabled.
[THREAD]The MTR thread count is 9
[THREAD]Secondary thread count: 4
[PERF]VC decompress count : 0
[PERF]VCChain decompress count : 1
[PERF]VC decompress count : 0
[PERF]VCChain decompress count : 1
[PERF]VC decompress count : 0
[PERF]VCChain decompress count : 1
[PERF]VC decompress count : 0
[PERF]VCChain decompress count : 1
[PERF]VC decompress count : 0
[PERF]VCChain decompress count : 1
[PERF]VC decompress count : 0
[PERF]VCChain decompress count : 1
[PERF]VC decompress count : 0
[PERF]VCChain decompress count : 1
[PERF]VC decompress count : 0
[PERF]VCChain decompress count : 1
[READSCOPE]ReadScopeTree calling time is 1
[READSCOPE]ReadScope_PartialLoad calling time is 0
[READSCOPE]Scope read by partial load count is 0
[READSCOPE]Scope read count is 162
[READSCOPE]Decompressed blk is 1
[MAXCHAIN]Decompressed cnt 9
[PERF]VC decompress count : 2
[PERF]VCChain decompress count : 1
[FSDBGate Info] start
[FSDBGate Info] Total fhdb_compute_count = 458
[FSDBGate Info] end
