Invoking simulator...
Verdi>sim_build/simv +define+COCOTB_SIM=1 -full64 -sml=verdi +fsdb+gate=off -ucli2Proc -ucli
verdiDockWidgetSetCurTab -dock windowDock_nWave_2
wvSelectGroup -win $_nWave2 {G1}
verdiSetActWin -win $_nWave2
srcHBSelect "CMSS_TOP_WRAPPER.u_cmss" -win $_nTrace1
verdiSetActWin -dock widgetDock_<Inst._Tree>
srcHBSelect "CMSS_TOP_WRAPPER.u_cmss" -win $_nTrace1
srcHBSelect "CMSS_TOP_WRAPPER.u_cmss" -win $_nTrace1
srcSetScope "CMSS_TOP_WRAPPER.u_cmss" -delim "." -win $_nTrace1
srcHBSelect "CMSS_TOP_WRAPPER.u_cmss" -win $_nTrace1
srcHBSelect "CMSS_TOP_WRAPPER.u_cmss.u_cache" -win $_nTrace1
srcHBSelect "CMSS_TOP_WRAPPER.u_cmss.u_cache" -win $_nTrace1
srcSetScope "CMSS_TOP_WRAPPER.u_cmss.u_cache" -delim "." -win $_nTrace1
srcHBSelect "CMSS_TOP_WRAPPER.u_cmss.u_cache" -win $_nTrace1
srcHBSelect "CMSS_TOP_WRAPPER" -win $_nTrace1
srcSetScope "CMSS_TOP_WRAPPER" -delim "." -win $_nTrace1
srcHBSelect "CMSS_TOP_WRAPPER" -win $_nTrace1
srcDeselectAll -win $_nTrace1
srcDeselectAll -win $_nTrace1
srcSelect -signal "core_awready" -line 20 -pos 1 -win $_nTrace1
verdiSetActWin -dock widgetDock_MTB_SOURCE_TAB_1
srcDeselectAll -win $_nTrace1
srcSelect -signal "phy_rxdata_i" -line 178 -pos 1 -win $_nTrace1
srcDeselectAll -win $_nTrace1
srcSelect -signal "phy_txdata_o" -line 171 -pos 1 -win $_nTrace1
srcSelect -signal "phy_txdatak_o" -line 172 -pos 1 -win $_nTrace1
srcAddSelectedToWave -clipboard -win $_nTrace1
wvDrop -win $_nWave2
verdiSetActWin -win $_nWave2
srcHBSelect "CMSS_TOP_WRAPPER.u_cmss.u_cache.core_aw_if" -win $_nTrace1
srcHBSelect "CMSS_TOP_WRAPPER.u_cmss.u_cache.core_aw_if" -win $_nTrace1
srcHBSelect "CMSS_TOP_WRAPPER.u_cmss.u_cache.core_ar_if" -win $_nTrace1 -add
verdiSetActWin -dock widgetDock_<Inst._Tree>
srcHBSelect "CMSS_TOP_WRAPPER.u_cmss.u_cache.core_aw_if" -win $_nTrace1
srcHBSelect "CMSS_TOP_WRAPPER.u_cmss.u_cache.core_ar_if" -win $_nTrace1 -add
srcHBSelect "CMSS_TOP_WRAPPER.u_cmss.u_cache.core_b_if" -win $_nTrace1 -add
srcHBSelect "CMSS_TOP_WRAPPER.u_cmss.u_cache.core_aw_if" -win $_nTrace1
srcHBSelect "CMSS_TOP_WRAPPER.u_cmss.u_cache.core_ar_if" -win $_nTrace1 -add
srcHBSelect "CMSS_TOP_WRAPPER.u_cmss.u_cache.core_b_if" -win $_nTrace1 -add
srcHBSelect "CMSS_TOP_WRAPPER.u_cmss.u_cache.core_r_if" -win $_nTrace1 -add
srcHBSelect "CMSS_TOP_WRAPPER.u_cmss.u_cache.core_aw_if" -win $_nTrace1
srcHBSelect "CMSS_TOP_WRAPPER.u_cmss.u_cache.core_ar_if" -win $_nTrace1 -add
srcHBSelect "CMSS_TOP_WRAPPER.u_cmss.u_cache.core_b_if" -win $_nTrace1 -add
srcHBSelect "CMSS_TOP_WRAPPER.u_cmss.u_cache.core_r_if" -win $_nTrace1 -add
srcHBSelect "CMSS_TOP_WRAPPER.u_cmss.u_cache.core_w_if" -win $_nTrace1 -add
srcHBAddObjectToWave -clipboard
wvDrop -win $_nWave2
verdiSetActWin -win $_nWave2
wvZoomOut -win $_nWave2
wvZoomOut -win $_nWave2
wvZoomOut -win $_nWave2
wvScrollDown -win $_nWave2 1
wvScrollDown -win $_nWave2 1
wvScrollDown -win $_nWave2 1
srcHBSelect "CMSS_TOP_WRAPPER.u_cmss.u_cache" -win $_nTrace1
verdiSetActWin -dock widgetDock_<Inst._Tree>
srcHBSelect "CMSS_TOP_WRAPPER.u_cmss.u_cache.u_mem_r" -win $_nTrace1
srcSetScope "CMSS_TOP_WRAPPER.u_cmss.u_cache.u_mem_r" -delim "." -win $_nTrace1
srcHBSelect "CMSS_TOP_WRAPPER.u_cmss.u_cache.u_mem_r" -win $_nTrace1
srcDeselectAll -win $_nTrace1
verdiSetActWin -dock widgetDock_MTB_SOURCE_TAB_1
srcDeselectAll -win $_nTrace1
srcSelect -signal "cache_hit" -line 243 -pos 1 -win $_nTrace1
srcDeselectAll -win $_nTrace1
srcSelect -signal "state" -line 244 -pos 1 -win $_nTrace1
srcDeselectAll -win $_nTrace1
srcSelect -signal "cache_hit" -line 243 -pos 1 -win $_nTrace1
srcDeselectAll -win $_nTrace1
srcSelect -signal "state" -line 244 -pos 1 -win $_nTrace1
wvSetPosition -win $_nWave2 {("G1/core_w_if(slave)" 0)}
wvSetPosition -win $_nWave2 {("G1" 2)}
wvAddSignal -win $_nWave2 \
           "/CMSS_TOP_WRAPPER/u_cmss/u_cache/u_mem_r/unnamed\$\$_1/state\[1:0\]"
wvSetPosition -win $_nWave2 {("G1" 2)}
wvSetPosition -win $_nWave2 {("G1" 3)}
wvSetCursor -win $_nWave2 10112236.260717 -snap {("G1" 3)}
verdiSetActWin -win $_nWave2
srcDeselectAll -win $_nTrace1
srcSelect -signal "acache" -line 238 -pos 1 -win $_nTrace1
verdiSetActWin -dock widgetDock_MTB_SOURCE_TAB_1
wvSetPosition -win $_nWave2 {("G1" 1)}
wvSetPosition -win $_nWave2 {("G1" 2)}
wvSetPosition -win $_nWave2 {("G1" 1)}
wvSetPosition -win $_nWave2 {("G1" 2)}
wvSetPosition -win $_nWave2 {("G1" 3)}
wvSetPosition -win $_nWave2 {("G1" 2)}
wvAddSignal -win $_nWave2 \
           "/CMSS_TOP_WRAPPER/u_cmss/u_cache/u_mem_r/unnamed\$\$_1/acache\[3:0\]"
wvSetPosition -win $_nWave2 {("G1" 2)}
wvSetPosition -win $_nWave2 {("G1" 3)}
srcDeselectAll -win $_nTrace1
srcSelect -win $_nTrace1 -signal "AXI4_AWCACHE_DNB" -line 239 -pos 1
srcDeselectAll -win $_nTrace1
srcSelect -signal "state" -line 244 -pos 1 -win $_nTrace1
srcDeselectAll -win $_nTrace1
srcSelect -signal "cache_hit" -line 243 -pos 1 -win $_nTrace1
srcDeselectAll -win $_nTrace1
srcSelect -win $_nTrace1 -signal "d2h_req_wr_if.valid" -line 260 -pos 1
srcDeselectAll -win $_nTrace1
srcSelect -win $_nTrace1 -signal "d2h_req_wr_if.req.opcode" -line 261 -pos 1
wvSetPosition -win $_nWave2 {("G1" 0)}
wvSetPosition -win $_nWave2 {("G1" 3)}
wvSetPosition -win $_nWave2 {("G1/core_w_if(slave)" 0)}
wvSetPosition -win $_nWave2 {("G1" 4)}
wvSetPosition -win $_nWave2 {("G1/core_w_if(slave)" 0)}
wvSetPosition -win $_nWave2 {("G1" 4)}
wvAddSignal -win $_nWave2 \
           "CMSS_TOP_WRAPPER/u_cmss/u_cache/u_mem_r/d2h_req_wr_if/req/opcode"
srcHBSelect "CMSS_TOP_WRAPPER" -win $_nTrace1
srcSetScope "CMSS_TOP_WRAPPER" -delim "." -win $_nTrace1
srcHBSelect "CMSS_TOP_WRAPPER" -win $_nTrace1
verdiSetActWin -dock widgetDock_<Inst._Tree>
srcDeselectAll -win $_nTrace1
verdiSetActWin -dock widgetDock_MTB_SOURCE_TAB_1
srcHBSelect "CMSS_TOP_WRAPPER.u_cmss" -win $_nTrace1
srcSetScope "CMSS_TOP_WRAPPER.u_cmss" -delim "." -win $_nTrace1
srcHBSelect "CMSS_TOP_WRAPPER.u_cmss" -win $_nTrace1
verdiSetActWin -dock widgetDock_<Inst._Tree>
srcDeselectAll -win $_nTrace1
srcSelect -win $_nTrace1 -signal "d2h_rsp_if.tx" -line 93 -pos 1
verdiSetActWin -dock widgetDock_MTB_SOURCE_TAB_1
wvZoom -win $_nWave2 10136091.500776 10245825.605044
verdiSetActWin -win $_nWave2
srcHBSelect "CMSS_TOP_WRAPPER.u_cmss.u_cache" -win $_nTrace1
verdiSetActWin -dock widgetDock_<Inst._Tree>
verdiSetActWin -win $_nWave2
wvScrollDown -win $_nWave2 10
wvScrollDown -win $_nWave2 1
wvScrollDown -win $_nWave2 1
srcDeselectAll -win $_nTrace1
verdiSetActWin -dock widgetDock_MTB_SOURCE_TAB_1
srcHBSelect "CMSS_TOP_WRAPPER" -win $_nTrace1
verdiSetActWin -dock widgetDock_<Inst._Tree>
srcHBSelect "CMSS_TOP_WRAPPER.u_cmss.d2h_req_if" -win $_nTrace1
srcHBDrag -win $_nTrace1
wvSetPosition -win $_nWave2 {("G1/core_r_if(slave)" 0)}
wvSetPosition -win $_nWave2 {("G1/core_r_if(slave)" 1)}
wvSetPosition -win $_nWave2 {("G1/core_b_if(slave)" 0)}
wvSetPosition -win $_nWave2 {("G1" 4)}
wvSetPosition -win $_nWave2 {("G1/core_ar_if(slave)" 0)}
wvSetPosition -win $_nWave2 {("G1/core_aw_if(slave)" 11)}
wvSetPosition -win $_nWave2 {("G1/core_ar_if(slave)" 0)}
wvSetPosition -win $_nWave2 {("G1/core_ar_if(slave)" 0)}
wvSetPosition -win $_nWave2 {("G1/core_ar_if(slave)/d2h_req_if(CPI_REQ_IF)" 0)}
wvAddSubGroup -win $_nWave2 -holdpost {d2h_req_if(CPI_REQ_IF)}
wvAddSignal -win $_nWave2 "CMSS_TOP_WRAPPER/u_cmss/d2h_req_if/req_header"
wvAddSignal -win $_nWave2 "/CMSS_TOP_WRAPPER/u_cmss/d2h_req_if/clk" \
           "/CMSS_TOP_WRAPPER/u_cmss/d2h_req_if/rst_n" \
           "/CMSS_TOP_WRAPPER/u_cmss/d2h_req_if/req_is_valid" \
           "/CMSS_TOP_WRAPPER/u_cmss/d2h_req_if/req_block" \
           "/CMSS_TOP_WRAPPER/u_cmss/d2h_req_if/req_protocol_id\[3:0\]" \
           "/CMSS_TOP_WRAPPER/u_cmss/d2h_req_if/req_vc_id\[3:0\]" \
           "/CMSS_TOP_WRAPPER/u_cmss/d2h_req_if/req_shared_credit" \
           "/CMSS_TOP_WRAPPER/u_cmss/d2h_req_if/req_rxcrd_valid" \
           "/CMSS_TOP_WRAPPER/u_cmss/d2h_req_if/req_rxcrd_protocol_id\[3:0\]" \
           "/CMSS_TOP_WRAPPER/u_cmss/d2h_req_if/req_rxcrd_vc_id\[3:0\]" \
           "/CMSS_TOP_WRAPPER/u_cmss/d2h_req_if/req_rxcrd_shared" \
           "/CMSS_TOP_WRAPPER/u_cmss/d2h_req_if/req_txblock_crd_flow"
wvSetPosition -win $_nWave2 {("G1/core_ar_if(slave)/d2h_req_if(CPI_REQ_IF)" 0)}
wvSetPosition -win $_nWave2 {("G1/core_ar_if(slave)/d2h_req_if(CPI_REQ_IF)" 12)}
wvSetPosition -win $_nWave2 {("G1/core_ar_if(slave)" 0)}
wvZoomOut -win $_nWave2
wvZoomOut -win $_nWave2
verdiSetActWin -win $_nWave2
wvZoomOut -win $_nWave2
wvZoomOut -win $_nWave2
wvZoomOut -win $_nWave2
wvZoomOut -win $_nWave2
wvZoom -win $_nWave2 10123628.354948 10260129.475904
wvZoomOut -win $_nWave2
wvScrollUp -win $_nWave2 1
wvScrollUp -win $_nWave2 1
wvScrollUp -win $_nWave2 1
wvScrollUp -win $_nWave2 1
wvScrollDown -win $_nWave2 1
wvScrollDown -win $_nWave2 1
wvScrollDown -win $_nWave2 1
wvScrollDown -win $_nWave2 1
wvScrollDown -win $_nWave2 1
wvScrollDown -win $_nWave2 1
wvScrollDown -win $_nWave2 1
wvScrollDown -win $_nWave2 1
wvScrollDown -win $_nWave2 1
wvScrollDown -win $_nWave2 1
wvScrollDown -win $_nWave2 1
wvScrollDown -win $_nWave2 1
wvScrollDown -win $_nWave2 1
wvScrollDown -win $_nWave2 1
wvScrollDown -win $_nWave2 1
wvScrollDown -win $_nWave2 1
wvScrollDown -win $_nWave2 0
wvScrollDown -win $_nWave2 0
wvScrollUp -win $_nWave2 1
wvScrollUp -win $_nWave2 1
wvScrollUp -win $_nWave2 1
wvScrollUp -win $_nWave2 1
wvScrollUp -win $_nWave2 1
wvScrollUp -win $_nWave2 1
wvScrollUp -win $_nWave2 1
wvScrollUp -win $_nWave2 1
wvSetCursor -win $_nWave2 10163092.964748 -snap {("d2h_req_if(CPI_REQ_IF)" 3)}
wvSetCursor -win $_nWave2 10167603.205868 -snap {("d2h_req_if(CPI_REQ_IF)" 3)}
debExit
